MCC model instantiated.
Model name: MCC
Lambda = 2.541
ddsdde: 3, 2, 1, 6, 5, 4, 9, 8, 7
Model name: MCC
Lambda = 2.541
ddsdde: 3, 2, 1, 6, 5, 4, 9, 8, 7
Model name: MCC
Lambda = 2.541
ddsdde: 3, 2, 1, 6, 5, 4, 9, 8, 7
Model name: MCC
Lambda = 2.541
ddsdde: 3, 2, 1, 6, 5, 4, 9, 8, 7
Model name: MCC
Lambda = 2.541
ddsdde: 3, 2, 1, 6, 5, 4, 9, 8, 7
Model name: MCC
Lambda = 2.541
ddsdde: 3, 2, 1, 6, 5, 4, 9, 8, 7
Model name: MCC
Lambda = 2.541
ddsdde: 3, 2, 1, 6, 5, 4, 9, 8, 7
Model name: MCC
Lambda = 2.541
ddsdde: 3, 2, 1, 6, 5, 4, 9, 8, 7
Model name: MCC
Lambda = 2.541
ddsdde: 3, 2, 1, 6, 5, 4, 9, 8, 7
Model name: MCC
Lambda = 2.541
ddsdde: 3, 2, 1, 6, 5, 4, 9, 8, 7
